2023-04-11 16:04:45.124+0000 INFO  Starting...
2023-04-11 16:04:45.548+0000 INFO  This instance is ServerId{b1008d90} (b1008d90-cdf1-4cc3-832f-3b30778d5620)
2023-04-11 16:04:46.187+0000 INFO  ======== Neo4j 5.6.0 ========
2023-04-11 16:04:53.272+0000 INFO  Called db.clearQueryCaches(): Query cache already empty.
2023-04-11 16:04:53.437+0000 INFO  Bolt enabled on 0.0.0.0:7687.
2023-04-11 16:04:54.021+0000 INFO  Remote interface available at http://localhost:7474/
2023-04-11 16:04:54.027+0000 INFO  id: 891EFACD1F840DAE194C81BC83F85AD4C493229602F7B62E5668678DFF9891D7
2023-04-11 16:04:54.030+0000 INFO  name: system
2023-04-11 16:04:54.032+0000 INFO  creationDate: 2023-04-11T16:04:47.063Z
2023-04-11 16:04:54.033+0000 INFO  Started.
2023-04-11 16:24:57.916+0000 INFO  Neo4j Server shutdown initiated by request
2023-04-11 16:24:57.918+0000 INFO  Stopping...
2023-04-11 16:25:03.023+0000 INFO  Stopped.
2023-04-11 16:25:26.199+0000 INFO  Starting...
2023-04-11 16:25:26.601+0000 INFO  This instance is ServerId{b1008d90} (b1008d90-cdf1-4cc3-832f-3b30778d5620)
2023-04-11 16:25:27.240+0000 INFO  ======== Neo4j 5.6.0 ========
2023-04-11 16:25:33.209+0000 INFO  Called db.clearQueryCaches(): Query cache already empty.
2023-04-11 16:25:33.880+0000 INFO  Bolt enabled on 0.0.0.0:7687.
2023-04-11 16:25:34.484+0000 INFO  Remote interface available at http://localhost:7474/
2023-04-11 16:25:34.489+0000 INFO  id: 891EFACD1F840DAE194C81BC83F85AD4C493229602F7B62E5668678DFF9891D7
2023-04-11 16:25:34.491+0000 INFO  name: system
2023-04-11 16:25:34.493+0000 INFO  creationDate: 2023-04-11T16:04:47.063Z
2023-04-11 16:25:34.495+0000 INFO  Started.
2023-04-11 16:30:17.400+0000 INFO  Neo4j Server shutdown initiated by request
2023-04-11 16:36:45.008+0000 INFO  Starting...
2023-04-11 16:36:45.464+0000 INFO  This instance is ServerId{b1008d90} (b1008d90-cdf1-4cc3-832f-3b30778d5620)
2023-04-11 16:36:46.270+0000 INFO  ======== Neo4j 5.6.0 ========
2023-04-11 16:36:52.763+0000 INFO  Called db.clearQueryCaches(): Query cache already empty.
2023-04-11 16:36:52.915+0000 INFO  Bolt enabled on 0.0.0.0:7687.
2023-04-11 16:36:53.813+0000 INFO  Remote interface available at http://localhost:7474/
2023-04-11 16:36:53.820+0000 INFO  id: 891EFACD1F840DAE194C81BC83F85AD4C493229602F7B62E5668678DFF9891D7
2023-04-11 16:36:53.823+0000 INFO  name: system
2023-04-11 16:36:53.826+0000 INFO  creationDate: 2023-04-11T16:04:47.063Z
2023-04-11 16:36:53.829+0000 INFO  Started.
2023-04-11 16:44:35.197+0000 INFO  Neo4j Server shutdown initiated by request
2023-04-11 16:44:35.201+0000 INFO  Stopping...
2023-04-11 16:44:40.284+0000 INFO  Stopped.
2023-04-11 16:44:50.505+0000 INFO  Starting...
2023-04-11 16:44:50.918+0000 INFO  This instance is ServerId{b1008d90} (b1008d90-cdf1-4cc3-832f-3b30778d5620)
2023-04-11 16:44:51.610+0000 INFO  ======== Neo4j 5.6.0 ========
2023-04-11 16:44:57.771+0000 INFO  Called db.clearQueryCaches(): Query cache already empty.
2023-04-11 16:44:57.894+0000 INFO  Bolt enabled on 0.0.0.0:7687.
2023-04-11 16:44:58.468+0000 INFO  Remote interface available at http://localhost:7474/
2023-04-11 16:44:58.474+0000 INFO  id: 891EFACD1F840DAE194C81BC83F85AD4C493229602F7B62E5668678DFF9891D7
2023-04-11 16:44:58.476+0000 INFO  name: system
2023-04-11 16:44:58.478+0000 INFO  creationDate: 2023-04-11T16:04:47.063Z
2023-04-11 16:44:58.480+0000 INFO  Started.
